<?xml version="1.0" encoding="UTF-8"?>
<!-- Generated by org.testng.reporters.JUnitXMLReporter -->
<testsuite ignored="0" hostname="Dolly-Laptop" failures="0" tests="4" name="Default test" time="12.801" errors="0" timestamp="2023-07-25T22:31:49 EDT">
  <testcase classname="com.testrun.CucumberRunner" name="test1" time="0.008"/>
  <testcase classname="io.cucumber.testng.AbstractTestNGCucumberTests" name="runScenario" time="9.63"/>
  <testcase classname="io.cucumber.testng.AbstractTestNGCucumberTests" name="runScenario" time="1.301"/>
  <testcase classname="io.cucumber.testng.AbstractTestNGCucumberTests" name="runScenario" time="1.306"/>
</testsuite> <!-- Default test -->
