<?xml version="1.0" encoding="UTF-8"?>
<!-- Generated by org.testng.reporters.JUnitXMLReporter -->
<testsuite ignored="0" hostname="Dolly-Laptop" failures="0" tests="4" name="Default test" time="6.329" errors="0" timestamp="2023-07-04T12:10:46 EDT">
  <testcase classname="com.testrun.CucumberRunner" name="test1" time="0.004"/>
  <testcase classname="io.cucumber.testng.AbstractTestNGCucumberTests" name="runScenario" time="2.475"/>
  <testcase classname="io.cucumber.testng.AbstractTestNGCucumberTests" name="runScenario" time="1.545"/>
  <testcase classname="io.cucumber.testng.AbstractTestNGCucumberTests" name="runScenario" time="1.717"/>
</testsuite> <!-- Default test -->
