<?xml version="1.0" encoding="UTF-8"?>
<!-- Generated by org.testng.reporters.JUnitXMLReporter -->
<testsuite ignored="0" hostname="Dolly-Laptop" failures="0" tests="4" name="Test" time="6.931" errors="0" timestamp="2023-07-04T12:11:26 EDT">
  <testcase classname="com.testrun.CucumberRunner" name="test1" time="0.002"/>
  <testcase classname="io.cucumber.testng.AbstractTestNGCucumberTests" name="runScenario" time="2.507"/>
  <testcase classname="io.cucumber.testng.AbstractTestNGCucumberTests" name="runScenario" time="1.973"/>
  <testcase classname="io.cucumber.testng.AbstractTestNGCucumberTests" name="runScenario" time="1.901"/>
</testsuite> <!-- Test -->
