<?xml version="1.0" encoding="UTF-8"?>
<!-- Generated by org.testng.reporters.JUnitXMLReporter -->
<testsuite ignored="0" hostname="Dolly-Laptop" failures="0" tests="4" name="Test" time="14.52" errors="0" timestamp="2023-07-15T20:17:49 EDT">
  <testcase classname="com.testrun.CucumberRunner" name="test1" time="0.005"/>
  <testcase classname="io.cucumber.testng.AbstractTestNGCucumberTests" name="runScenario" time="6.518"/>
  <testcase classname="io.cucumber.testng.AbstractTestNGCucumberTests" name="runScenario" time="3.146"/>
  <testcase classname="io.cucumber.testng.AbstractTestNGCucumberTests" name="runScenario" time="4.219"/>
</testsuite> <!-- Test -->
